2025-11-10 14:24:03.151 | INFO     | xadmin.settings:<module>:17 - Django settings loaded.
2025-11-10 14:29:32.283 | INFO     | xadmin.settings:<module>:17 - Django settings loaded.
2025-11-10 14:29:38.550 | INFO     | xadmin.settings:<module>:17 - Django settings loaded.
2025-11-10 14:29:41.971 | INFO     | xadmin.logru_config:emit:23 - Watching for file changes with StatReloader
2025-11-11 17:12:11.094 | INFO     | xadmin.settings:<module>:17 - Django settings loaded.
2025-11-11 17:12:24.425 | INFO     | xadmin.settings:<module>:17 - Django settings loaded.
2025-11-11 17:12:30.860 | INFO     | xadmin.logru_config:emit:23 - Watching for file changes with StatReloader
2025-11-11 17:13:10.674 | INFO     | xadmin.settings:<module>:17 - Django settings loaded.
2025-11-11 17:13:19.940 | INFO     | xadmin.settings:<module>:17 - Django settings loaded.
2025-11-11 17:13:24.777 | INFO     | xadmin.logru_config:emit:23 - Watching for file changes with StatReloader
2025-11-11 17:14:03.933 | INFO     | xadmin.logru_config:emit:23 - /mnt/c/Users/kuntian/xadmin/xadmin/xadmin_auth/api_test_plan_yaml.py changed, reloading.
2025-11-11 17:14:05.935 | INFO     | xadmin.settings:<module>:17 - Django settings loaded.
2025-11-11 17:14:11.907 | INFO     | xadmin.logru_config:emit:23 - Watching for file changes with StatReloader
2025-11-11 17:17:04.048 | INFO     | xadmin.settings:<module>:17 - Django settings loaded.
2025-11-11 17:17:14.520 | INFO     | xadmin.settings:<module>:17 - Django settings loaded.
2025-11-11 17:17:19.680 | INFO     | xadmin.logru_config:emit:23 - Watching for file changes with StatReloader
2025-11-11 17:35:42.116 | WARNING  | xadmin_auth.urls:handler:50 - handling exceptions....
2025-11-11 17:35:42.118 | WARNING  | xadmin_auth.urls:handler:51 - <class 'django.urls.exceptions.Resolver404'>
2025-11-11 17:35:42.122 | WARNING  | xadmin.logru_config:emit:23 - Not Found: /
2025-11-11 17:40:57.574 | INFO     | xadmin_auth.auth:authenticate:47 - 认证请求 - Token: eyJhbGciOiJIUzI1NiIsInR5cCI6IkpXVCJ9.eyJ0b2tlbl90e...
2025-11-11 17:40:57.948 | INFO     | xadmin.logru_config:emit:23 - "GET - get_dict_option /system/common/dict/option" 0.3807964324951172
2025-11-11 17:41:00.307 | INFO     | xadmin_auth.auth:authenticate:50 - 认证成功 - 用户: admin
2025-11-11 17:41:00.466 | INFO     | xadmin.logru_config:emit:23 - "GET - get_user_info /system/auth/user/info" 2.8925676345825195
2025-11-11 17:41:00.488 | INFO     | xadmin_auth.auth:authenticate:47 - 认证请求 - Token: eyJhbGciOiJIUzI1NiIsInR5cCI6IkpXVCJ9.eyJ0b2tlbl90e...
2025-11-11 17:41:00.647 | INFO     | xadmin_auth.auth:authenticate:50 - 认证成功 - 用户: admin
2025-11-11 17:41:01.053 | INFO     | xadmin.logru_config:emit:23 - "GET - get_user_route /system/auth/route" 0.5646874904632568
2025-11-11 17:44:42.728 | INFO     | xadmin.settings:<module>:17 - Django settings loaded.
2025-11-11 17:44:55.405 | INFO     | xadmin.settings:<module>:17 - Django settings loaded.
2025-11-11 17:45:02.982 | INFO     | xadmin.logru_config:emit:23 - Watching for file changes with StatReloader
2025-11-11 17:58:37.914 | INFO     | xadmin.settings:<module>:17 - Django settings loaded.
2025-11-11 17:58:48.908 | INFO     | xadmin.settings:<module>:17 - Django settings loaded.
2025-11-11 17:58:55.491 | INFO     | xadmin.logru_config:emit:23 - Watching for file changes with StatReloader
